生成启动时间为 2017/12/7 星期四 13:31:29。
     1>项目“C:\Users\daniel lion\Documents\Visual Studio 2013\Projects\openGL-practice3\getting-started1\getting-started1.vcxproj”在节点 2 上(Build 个目标)。
     1>ClCompile:
         D:\vs2013\VC\bin\CL.exe /c /ZI /nologo /W3 /WX- /sdl /Od /Oy- /D _MBCS /Gm /EHsc /RTC1 /MDd /GS /fp:precise /Zc:wchar_t /Zc:forScope /Fo"Debug\\" /Fd"Debug\vc120.pdb" /Gd /TP /analyze- /errorReport:prompt pointLight.cpp
         pointLight.cpp
     1>d:\vs2013\vc\include\gl\gl.h : warning C4819: 该文件包含不能在当前代码页(936)中表示的字符。请将该文件保存为 Unicode 格式以防止数据丢失
     1>c:\users\daniel lion\documents\visual studio 2013\projects\opengl-practice3\getting-started1\pointlight.cpp(313): warning C4244: “=”: 从“double”转换到“GLfloat”，可能丢失数据
     1>c:\users\daniel lion\documents\visual studio 2013\projects\opengl-practice3\getting-started1\pointlight.cpp(314): warning C4244: “=”: 从“double”转换到“GLfloat”，可能丢失数据
     1>c:\users\daniel lion\documents\visual studio 2013\projects\opengl-practice3\getting-started1\pointlight.cpp(318): warning C4244: “初始化”: 从“double”转换到“GLfloat”，可能丢失数据
     1>c:\users\daniel lion\documents\visual studio 2013\projects\opengl-practice3\getting-started1\pointlight.cpp(319): warning C4244: “初始化”: 从“double”转换到“GLfloat”，可能丢失数据
     1>c:\users\daniel lion\documents\visual studio 2013\projects\opengl-practice3\getting-started1\pointlight.cpp(321): warning C4244: “=”: 从“double”转换到“GLfloat”，可能丢失数据
     1>c:\users\daniel lion\documents\visual studio 2013\projects\opengl-practice3\getting-started1\pointlight.cpp(322): warning C4244: “=”: 从“double”转换到“GLfloat”，可能丢失数据
     1>c:\users\daniel lion\documents\visual studio 2013\projects\opengl-practice3\getting-started1\pointlight.cpp(329): warning C4244: “参数”: 从“double”转换到“GLfloat”，可能丢失数据
       Link:
         D:\vs2013\VC\bin\link.exe /ERRORREPORT:PROMPT /OUT:"C:\Users\daniel lion\Documents\Visual Studio 2013\Projects\openGL-practice3\Debug\getting-started1.exe" /INCREMENTAL /NOLOGO /LIBPATH:"H:\学习文件\计算机图形学\大四上重修\环境搭建的下载\wangdingqiao-github-第三方库文件\lib" opengl32.lib glfw3.lib glew32s.lib soil.lib kernel32.lib user32.lib gdi32.lib winspool.lib comdlg32.lib advapi32.lib shell32.lib ole32.lib oleaut32.lib uuid.lib odbc32.lib odbccp32.lib /MANIFEST /MANIFESTUAC:"level='asInvoker' uiAccess='false'" /manifest:embed /DEBUG /PDB:"C:\Users\daniel lion\Documents\Visual Studio 2013\Projects\openGL-practice3\Debug\getting-started1.pdb" /TLBID:1 /DYNAMICBASE /NXCOMPAT /IMPLIB:"C:\Users\daniel lion\Documents\Visual Studio 2013\Projects\openGL-practice3\Debug\getting-started1.lib" /MACHINE:X86 Debug\pointLight.obj
         soil.lib(SOIL.obj) : 找到 MSIL .netmodule 或使用 /GL 编译的模块；正在使用 /LTCG 重新启动链接；将 /LTCG 添加到链接命令行以改进链接器性能
     1>LINK : warning LNK4075: 忽略“/INCREMENTAL”(由于“/LTCG”规范)
     1>pointLight.obj : warning LNK4075: 忽略“/EDITANDCONTINUE”(由于“/OPT:LBR”规范)
     1>LINK : warning LNK4098: 默认库“MSVCRT”与其他库的使用冲突；请使用 /NODEFAULTLIB:library
     1>LINK : warning LNK4098: 默认库“LIBCMT”与其他库的使用冲突；请使用 /NODEFAULTLIB:library
         正在生成代码
         已完成代码的生成
     1>soil.lib(SOIL.obj) : warning LNK4099: 未找到 PDB“vc110.pdb”(使用“soil.lib(SOIL.obj)”或在“C:\Users\daniel lion\Documents\Visual Studio 2013\Projects\openGL-practice3\Debug\vc110.pdb”中寻找)；正在链接对象，如同没有调试信息一样
     1>soil.lib(stb_image_aug.obj) : warning LNK4099: 未找到 PDB“vc110.pdb”(使用“soil.lib(stb_image_aug.obj)”或在“C:\Users\daniel lion\Documents\Visual Studio 2013\Projects\openGL-practice3\Debug\vc110.pdb”中寻找)；正在链接对象，如同没有调试信息一样
     1>soil.lib(image_helper.obj) : warning LNK4099: 未找到 PDB“vc110.pdb”(使用“soil.lib(image_helper.obj)”或在“C:\Users\daniel lion\Documents\Visual Studio 2013\Projects\openGL-practice3\Debug\vc110.pdb”中寻找)；正在链接对象，如同没有调试信息一样
     1>soil.lib(image_DXT.obj) : warning LNK4099: 未找到 PDB“vc110.pdb”(使用“soil.lib(image_DXT.obj)”或在“C:\Users\daniel lion\Documents\Visual Studio 2013\Projects\openGL-practice3\Debug\vc110.pdb”中寻找)；正在链接对象，如同没有调试信息一样
     1>glew32s.lib(glew.obj) : warning LNK4099: 未找到 PDB“vc110.pdb”(使用“glew32s.lib(glew.obj)”或在“C:\Users\daniel lion\Documents\Visual Studio 2013\Projects\openGL-practice3\Debug\vc110.pdb”中寻找)；正在链接对象，如同没有调试信息一样
         getting-started1.vcxproj -> C:\Users\daniel lion\Documents\Visual Studio 2013\Projects\openGL-practice3\Debug\getting-started1.exe
     1>已完成生成项目“C:\Users\daniel lion\Documents\Visual Studio 2013\Projects\openGL-practice3\getting-started1\getting-started1.vcxproj”(Build 个目标)的操作。

生成成功。

已用时间 00:00:02.58
